\BOOKMARK [1][-]{chapter*.1}{Description To Image Matching}{}% 1
\BOOKMARK [1][-]{chapter*.1}{Abstract}{}% 2
\BOOKMARK [1][-]{chapter*.1}{Introduction}{}% 3
\BOOKMARK [2][-]{section*.2}{The Challenge}{chapter*.1}% 4
\BOOKMARK [2][-]{section*.2}{Our Algorithm}{chapter*.1}% 5
\BOOKMARK [1][-]{section*.2}{Experiment}{}% 6
\BOOKMARK [2][-]{section*.3}{Data Encoding}{section*.2}% 7
\BOOKMARK [2][-]{section*.3}{Approaches}{section*.2}% 8
\BOOKMARK [3][-]{figure.caption.4}{Queries to Image Approach}{section*.3}% 9
\BOOKMARK [3][-]{figure.caption.4}{Image to Queries Approach}{section*.3}% 10
\BOOKMARK [2][-]{figure.caption.4}{Description-to-Image KNN Model}{section*.2}% 11
\BOOKMARK [3][-]{section*.5}{Data Representation}{figure.caption.4}% 12
\BOOKMARK [3][-]{section*.5}{Algorithm}{figure.caption.4}% 13
\BOOKMARK [2][-]{section*.5}{Image-to-Description Model}{section*.2}% 14
\BOOKMARK [3][-]{section*.6}{Data Representation}{section*.5}% 15
\BOOKMARK [3][-]{section*.6}{Algorithm}{section*.5}% 16
\BOOKMARK [2][-]{section*.6}{Similarity Mapping}{section*.2}% 17
\BOOKMARK [3][-]{section*.7}{Data Representation}{section*.6}% 18
\BOOKMARK [3][-]{section*.7}{Algorithm}{section*.6}% 19
\BOOKMARK [2][-]{section*.7}{Predicting Descriptions}{section*.2}% 20
\BOOKMARK [3][-]{section*.8}{Data Representation}{section*.7}% 21
\BOOKMARK [3][-]{section*.8}{Algorithm}{section*.7}% 22
\BOOKMARK [1][-]{section*.8}{Results \046 Conclusion}{}% 23
\BOOKMARK [1][-]{section*.8}{Background \046 Related Work}{}% 24
\BOOKMARK [1][-]{section*.8}{Sources \046 External libraries}{}% 25
